1601037629729	geckodriver	INFO	Listening on 127.0.0.1:58448
1601037629754	mozrunner::runner	INFO	Running command: "C:\\Program Files\\Mozilla Firefox\\firefox.exe" "--marionette" "-headless" "-foreground" "-no-remote" "-profile" "C:\\Users\\Grant\\AppData\\Local\\Temp\\rust_mozprofilenN8ohq"
*** You are running in headless mode.
JavaScript error: resource://gre/modules/XULStore.jsm, line 66: Error: Can't find profile directory.
console.error: SearchCache: "_readCacheFile: Error reading cache file:" (new Error("", "(unknown module)"))
1601037632200	Marionette	INFO	Listening on port 58453
1601037632370	Marionette	WARN	TLS certificate errors will be ignored for this session
JavaScript error: , line 0: NS_ERROR_NOT_AVAILABLE
1:58499
1601037653954	mozrunner::runner	INFO	Running command: "C:\\Program Files\\Mozilla Firefox\\firefox.exe" "--marionette" "-headless" "-foreground" "-no-remote" "-profile" "C:\\Users\\Grant\\AppData\\Local\\Temp\\rust_mozprofileDaNfTl"
*** You are running in headless mode.
JavaScript error: resource://gre/modules/XULStore.jsm, line 66: Error: Can't find profile directory.
console.error: SearchCache: "_readCacheFile: Error reading cache file:" (new Error("", "(unknown module)"))
1601037655548	Marionette	INFO	Listening on port 58504
1601037655963	Marionette	WARN	TLS certificate errors will be ignored for this session
JavaScript error: , line 0: NS_ERROR_NOT_AVAILABLE
Exiting due to channel error.
::runner	INFO	Running command: "C:\\Program Files\\Mozilla Firefox\\firefox.exe" "--marionette" "-headless" "-foreground" "-no-remote" "-profile" "C:\\Users\\Grant\\AppData\\Local\\Temp\\rust_mozprofileCb1LXk"
*** You are running in headless mode.
JavaScript error: resource://gre/modules/XULStore.jsm, line 66: Error: Can't find profile directory.
console.error: SearchCache: "_readCacheFile: Error reading cache file:" (new Error("", "(unknown module)"))
1601037727847	Marionette	INFO	Listening on port 58568
1601037728148	Marionette	WARN	TLS certificate errors will be ignored for this session
JavaScript error: , line 0: NS_ERROR_NOT_AVAILABLE
Exiting due to channel error.
Exiting due to channel error.
"C:\\Program Files\\Mozilla Firefox\\firefox.exe" "--marionette" "-headless" "-foreground" "-no-remote" "-profile" "C:\\Users\\Grant\\AppData\\Local\\Temp\\rust_mozprofile1gtWEV"
*** You are running in headless mode.
JavaScript error: resource://gre/modules/XULStore.jsm, line 66: Error: Can't find profile directory.
console.error: SearchCache: "_readCacheFile: Error reading cache file:" (new Error("", "(unknown module)"))
1601037757820	Marionette	INFO	Listening on port 58619
1601037758102	Marionette	WARN	TLS certificate errors will be ignored for this session
JavaScript error: , line 0: NS_ERROR_NOT_AVAILABLE
Exiting due to channel error.
::runner	INFO	Running command: "C:\\Program Files\\Mozilla Firefox\\firefox.exe" "--marionette" "-headless" "-foreground" "-no-remote" "-profile" "C:\\Users\\Grant\\AppData\\Local\\Temp\\rust_mozprofile2WTl7f"
*** You are running in headless mode.
JavaScript error: resource://gre/modules/XULStore.jsm, line 66: Error: Can't find profile directory.
console.error: SearchCache: "_readCacheFile: Error reading cache file:" (new Error("", "(unknown module)"))
1601037780240	Marionette	INFO	Listening on port 58663
1601037780585	Marionette	WARN	TLS certificate errors will be ignored for this session
JavaScript error: , line 0: NS_ERROR_NOT_AVAILABLE
Exiting due to channel error.
[GFX1-]: Receive IPC close with reason=AbnormalShutdown
a Firefox\\firefox.exe" "--marionette" "-headless" "-foreground" "-no-remote" "-profile" "C:\\Users\\Grant\\AppData\\Local\\Temp\\rust_mozprofileNmRbpj"
*** You are running in headless mode.
JavaScript error: resource://gre/modules/XULStore.jsm, line 66: Error: Can't find profile directory.
console.error: SearchCache: "_readCacheFile: Error reading cache file:" (new Error("", "(unknown module)"))
1601037810296	Marionette	INFO	Listening on port 58710
1601037810649	Marionette	WARN	TLS certificate errors will be ignored for this session
JavaScript error: , line 0: NS_ERROR_NOT_AVAILABLE
Exiting due to channel error.
::runner	INFO	Running command: "C:\\Program Files\\Mozilla Firefox\\firefox.exe" "--marionette" "-headless" "-foreground" "-no-remote" "-profile" "C:\\Users\\Grant\\AppData\\Local\\Temp\\rust_mozprofilervyv7s"
*** You are running in headless mode.
JavaScript error: resource://gre/modules/XULStore.jsm, line 66: Error: Can't find profile directory.
console.error: SearchCache: "_readCacheFile: Error reading cache file:" (new Error("", "(unknown module)"))
1601037864703	Marionette	INFO	Listening on port 58771
1601037865058	Marionette	WARN	TLS certificate errors will be ignored for this session
JavaScript warning: https://pagead2.googlesyndication.com/bg/LfFQ5hcFG3hXPsOLdOnrUHUTGTSsMRvOgIlCDTigNb8.js line 1 > eval line 2750 > eval, line 1: WebGL warning: <Create>: Can't use WebGL in headless mode (https://bugzil.la/1375585).
JavaScript warning: https://pagead2.googlesyndication.com/bg/LfFQ5hcFG3hXPsOLdOnrUHUTGTSsMRvOgIlCDTigNb8.js line 1 > eval line 2750 > eval, line 1: Failed to create WebGL context: WebGL creation failed: 
* Can't use WebGL in headless mode (https://bugzil.la/1375585).
JavaScript error: , line 0: NS_ERROR_NOT_AVAILABLE
Exiting due to channel error.
::runner	INFO	Running command: "C:\\Program Files\\Mozilla Firefox\\firefox.exe" "--marionette" "-headless" "-foreground" "-no-remote" "-profile" "C:\\Users\\Grant\\AppData\\Local\\Temp\\rust_mozprofile0F4iJi"
*** You are running in headless mode.
JavaScript error: resource://gre/modules/XULStore.jsm, line 66: Error: Can't find profile directory.
console.error: SearchCache: "_readCacheFile: Error reading cache file:" (new Error("", "(unknown module)"))
1601037951872	Marionette	INFO	Listening on port 58916
1601037952229	Marionette	WARN	TLS certificate errors will be ignored for this session
JavaScript warning: https://pagead2.googlesyndication.com/bg/LfFQ5hcFG3hXPsOLdOnrUHUTGTSsMRvOgIlCDTigNb8.js line 1 > eval line 7532 > eval line 1 > eval, line 1: WebGL warning: <Create>: Can't use WebGL in headless mode (https://bugzil.la/1375585).
JavaScript warning: https://pagead2.googlesyndication.com/bg/LfFQ5hcFG3hXPsOLdOnrUHUTGTSsMRvOgIlCDTigNb8.js line 1 > eval line 7532 > eval line 1 > eval, line 1: Failed to create WebGL context: WebGL creation failed: 
* Can't use WebGL in headless mode (https://bugzil.la/1375585).
JavaScript warning: https://pagead2.googlesyndication.com/bg/LfFQ5hcFG3hXPsOLdOnrUHUTGTSsMRvOgIlCDTigNb8.js line 1 > eval line 1447 > eval, line 1: WebGL warning: <Create>: Can't use WebGL in headless mode (https://bugzil.la/1375585).
JavaScript warning: https://pagead2.googlesyndication.com/bg/LfFQ5hcFG3hXPsOLdOnrUHUTGTSsMRvOgIlCDTigNb8.js line 1 > eval line 1447 > eval, line 1: Failed to create WebGL context: WebGL creation failed: 
* Can't use WebGL in headless mode (https://bugzil.la/1375585).
JavaScript warning: https://pagead2.googlesyndication.com/bg/LfFQ5hcFG3hXPsOLdOnrUHUTGTSsMRvOgIlCDTigNb8.js line 1 > eval line 5782 > eval, line 1: WebGL warning: <Create>: Can't use WebGL in headless mode (https://bugzil.la/1375585).
JavaScript warning: https://pagead2.googlesyndication.com/bg/LfFQ5hcFG3hXPsOLdOnrUHUTGTSsMRvOgIlCDTigNb8.js line 1 > eval line 5782 > eval, line 1: Failed to create WebGL context: WebGL creation failed: 
* Can't use WebGL in headless mode (https://bugzil.la/1375585).
JavaScript warning: https://pagead2.googlesyndication.com/bg/LfFQ5hcFG3hXPsOLdOnrUHUTGTSsMRvOgIlCDTigNb8.js line 1 > eval line 3172 > eval, line 1: WebGL warning: <Create>: Can't use WebGL in headless mode (https://bugzil.la/1375585).
JavaScript warning: https://pagead2.googlesyndication.com/bg/LfFQ5hcFG3hXPsOLdOnrUHUTGTSsMRvOgIlCDTigNb8.js line 1 > eval line 3172 > eval, line 1: Failed to create WebGL context: WebGL creation failed: 
* Can't use WebGL in headless mode (https://bugzil.la/1375585).
JavaScript error: , line 0: NS_ERROR_NOT_AVAILABLE
1:59112
1601038176040	mozrunner::runner	INFO	Running command: "C:\\Program Files\\Mozilla Firefox\\firefox.exe" "--marionette" "-foreground" "-no-remote" "-profile" "C:\\Users\\Grant\\AppData\\Local\\Temp\\rust_mozprofilecBbCKS"
JavaScript error: resource://gre/modules/XULStore.jsm, line 66: Error: Can't find profile directory.
console.error: SearchCache: "_readCacheFile: Error reading cache file:" (new Error("", "(unknown module)"))
1601038177956	Marionette	INFO	Listening on port 59117
1601038178048	Marionette	WARN	TLS certificate errors will be ignored for this session
1601038193393	Marionette	INFO	Stopped listening on port 59117

###!!! [Child][RunMessage] Error: Channel closing: too late to send/recv, messages will be lost


###!!! [Child][MessageChannel::SendAndWait] Error: Channel error: cannot send/recv

ata\\Local\\Temp\\rust_mozprofileHoZ7Rl"
*** You are running in headless mode.
JavaScript error: resource://gre/modules/XULStore.jsm, line 66: Error: Can't find profile directory.
console.error: SearchCache: "_readCacheFile: Error reading cache file:" (new Error("", "(unknown module)"))
1601038180329	Marionette	INFO	Listening on port 59152
1601038180625	Marionette	WARN	TLS certificate errors will be ignored for this session
JavaScript error: , line 0: NS_ERROR_NOT_AVAILABLE
Exiting due to channel error.
::runner	INFO	Running command: "C:\\Program Files\\Mozilla Firefox\\firefox.exe" "--marionette" "-foreground" "-no-remote" "-profile" "C:\\Users\\Grant\\AppData\\Local\\Temp\\rust_mozprofileJYOiPq"
JavaScript error: resource://gre/modules/XULStore.jsm, line 66: Error: Can't find profile directory.
console.error: SearchCache: "_readCacheFile: Error reading cache file:" (new Error("", "(unknown module)"))
1601038288952	Marionette	INFO	Listening on port 59239
1601038289016	Marionette	WARN	TLS certificate errors will be ignored for this session
1601038291712	Marionette	INFO	Stopped listening on port 59239

###!!! [Child][RunMessage] Error: Channel closing: too late to send/recv, messages will be lost


###!!! [Child][MessageChannel::SendAndWait] Error: Channel error: cannot send/recv

ata\\Local\\Temp\\rust_mozprofiledDtPDR"
*** You are running in headless mode.
JavaScript error: resource://gre/modules/XULStore.jsm, line 66: Error: Can't find profile directory.
console.error: SearchCache: "_readCacheFile: Error reading cache file:" (new Error("", "(unknown module)"))
1601038291707	Marionette	INFO	Listening on port 59276
1601038292190	Marionette	WARN	TLS certificate errors will be ignored for this session
JavaScript error: , line 0: NS_ERROR_NOT_AVAILABLE
Exiting due to channel error.
Exiting due to channel error.
[GFX1-]: Receive IPC close with reason=AbnormalShutdown
Exiting due to channel error.
nd" "-no-remote" "-profile" "C:\\Users\\Grant\\AppData\\Local\\Temp\\rust_mozprofileZ0r9ct"
*** You are running in headless mode.
JavaScript error: resource://gre/modules/XULStore.jsm, line 66: Error: Can't find profile directory.
console.error: SearchCache: "_readCacheFile: Error reading cache file:" (new Error("", "(unknown module)"))
1601038934233	Marionette	INFO	Listening on port 59712
1601038934512	Marionette	WARN	TLS certificate errors will be ignored for this session
JavaScript error: , line 0: NS_ERROR_NOT_AVAILABLE
Exiting due to channel error.
Exiting due to channel error.
"C:\\Program Files\\Mozilla Firefox\\firefox.exe" "--marionette" "--headless" "-foreground" "-no-remote" "-profile" "C:\\Users\\Grant\\AppData\\Local\\Temp\\rust_mozprofileDglH6U"
*** You are running in headless mode.
JavaScript error: resource://gre/modules/XULStore.jsm, line 66: Error: Can't find profile directory.
console.error: SearchCache: "_readCacheFile: Error reading cache file:" (new Error("", "(unknown module)"))
1601039081745	Marionette	INFO	Listening on port 59817
1601039081795	Marionette	WARN	TLS certificate errors will be ignored for this session
JavaScript warning: https://pagead2.googlesyndication.com/bg/LfFQ5hcFG3hXPsOLdOnrUHUTGTSsMRvOgIlCDTigNb8.js line 1 > eval line 7685 > eval line 1 > eval, line 1: WebGL warning: <Create>: Can't use WebGL in headless mode (https://bugzil.la/1375585).
JavaScript warning: https://pagead2.googlesyndication.com/bg/LfFQ5hcFG3hXPsOLdOnrUHUTGTSsMRvOgIlCDTigNb8.js line 1 > eval line 7685 > eval line 1 > eval, line 1: Failed to create WebGL context: WebGL creation failed: 
* Can't use WebGL in headless mode (https://bugzil.la/1375585).
JavaScript warning: https://pagead2.googlesyndication.com/bg/LfFQ5hcFG3hXPsOLdOnrUHUTGTSsMRvOgIlCDTigNb8.js line 1 > eval line 3936 > eval line 1 > eval, line 1: WebGL warning: <Create>: Can't use WebGL in headless mode (https://bugzil.la/1375585).
JavaScript warning: https://pagead2.googlesyndication.com/bg/LfFQ5hcFG3hXPsOLdOnrUHUTGTSsMRvOgIlCDTigNb8.js line 1 > eval line 3936 > eval line 1 > eval, line 1: Failed to create WebGL context: WebGL creation failed: 
* Can't use WebGL in headless mode (https://bugzil.la/1375585).
JavaScript warning: https://pagead2.googlesyndication.com/bg/LfFQ5hcFG3hXPsOLdOnrUHUTGTSsMRvOgIlCDTigNb8.js line 1 > eval line 4257 > eval line 1 > eval, line 1: WebGL warning: <Create>: Can't use WebGL in headless mode (https://bugzil.la/1375585).
JavaScript warning: https://pagead2.googlesyndication.com/bg/LfFQ5hcFG3hXPsOLdOnrUHUTGTSsMRvOgIlCDTigNb8.js line 1 > eval line 4257 > eval line 1 > eval, line 1: Failed to create WebGL context: WebGL creation failed: 
* Can't use WebGL in headless mode (https://bugzil.la/1375585).
JavaScript error: , line 0: NS_ERROR_NOT_AVAILABLE
1:59953
1601039197172	mozrunner::runner	INFO	Running command: "C:\\Program Files\\Mozilla Firefox\\firefox.exe" "--marionette" "--headless" "-foreground" "-no-remote" "-profile" "C:\\Users\\Grant\\AppData\\Local\\Temp\\rust_mozprofileY2mQcv"
*** You are running in headless mode.
JavaScript error: resource://gre/modules/XULStore.jsm, line 66: Error: Can't find profile directory.
console.error: SearchCache: "_readCacheFile: Error reading cache file:" (new Error("", "(unknown module)"))
1601039199063	Marionette	INFO	Listening on port 59958
1601039199179	Marionette	WARN	TLS certificate errors will be ignored for this session
JavaScript warning: https://pagead2.googlesyndication.com/bg/LfFQ5hcFG3hXPsOLdOnrUHUTGTSsMRvOgIlCDTigNb8.js line 1 > eval line 1611 > eval line 1 > eval, line 1: WebGL warning: <Create>: Can't use WebGL in headless mode (https://bugzil.la/1375585).
JavaScript warning: https://pagead2.googlesyndication.com/bg/LfFQ5hcFG3hXPsOLdOnrUHUTGTSsMRvOgIlCDTigNb8.js line 1 > eval line 1611 > eval line 1 > eval, line 1: Failed to create WebGL context: WebGL creation failed: 
* Can't use WebGL in headless mode (https://bugzil.la/1375585).
JavaScript warning: https://pagead2.googlesyndication.com/bg/LfFQ5hcFG3hXPsOLdOnrUHUTGTSsMRvOgIlCDTigNb8.js line 1 > eval line 2507 > eval line 1 > eval, line 1: WebGL warning: <Create>: Can't use WebGL in headless mode (https://bugzil.la/1375585).
JavaScript warning: https://pagead2.googlesyndication.com/bg/LfFQ5hcFG3hXPsOLdOnrUHUTGTSsMRvOgIlCDTigNb8.js line 1 > eval line 2507 > eval line 1 > eval, line 1: Failed to create WebGL context: WebGL creation failed: 
* Can't use WebGL in headless mode (https://bugzil.la/1375585).
JavaScript warning: https://pagead2.googlesyndication.com/bg/LfFQ5hcFG3hXPsOLdOnrUHUTGTSsMRvOgIlCDTigNb8.js line 1 > eval line 2077 > eval line 1 > eval, line 1: WebGL warning: <Create>: Can't use WebGL in headless mode (https://bugzil.la/1375585).
JavaScript warning: https://pagead2.googlesyndication.com/bg/LfFQ5hcFG3hXPsOLdOnrUHUTGTSsMRvOgIlCDTigNb8.js line 1 > eval line 2077 > eval line 1 > eval, line 1: Failed to create WebGL context: WebGL creation failed: 
* Can't use WebGL in headless mode (https://bugzil.la/1375585).
JavaScript error: , line 0: NS_ERROR_NOT_AVAILABLE
Exiting due to channel error.
1601046821298	geckodriver	INFO	Listening on 127.0.0.1:50038
1601046821803	mozrunner::runner	INFO	Running command: "C:\\Program Files\\Mozilla Firefox\\firefox.exe" "--marionette" "--headless" "-foreground" "-no-remote" "-profile" "C:\\Users\\Grant\\AppData\\Local\\Temp\\rust_mozprofileQbfyQj"
*** You are running in headless mode.
JavaScript error: resource://gre/modules/XULStore.jsm, line 66: Error: Can't find profile directory.
console.error: SearchCache: "_readCacheFile: Error reading cache file:" (new Error("", "(unknown module)"))
1601046824452	Marionette	INFO	Listening on port 50043
1601046824920	Marionette	WARN	TLS certificate errors will be ignored for this session
JavaScript warning: https://pagead2.googlesyndication.com/bg/LfFQ5hcFG3hXPsOLdOnrUHUTGTSsMRvOgIlCDTigNb8.js line 1 > eval line 4340 > eval line 1 > eval, line 1: WebGL warning: <Create>: Can't use WebGL in headless mode (https://bugzil.la/1375585).
JavaScript warning: https://pagead2.googlesyndication.com/bg/LfFQ5hcFG3hXPsOLdOnrUHUTGTSsMRvOgIlCDTigNb8.js line 1 > eval line 4340 > eval line 1 > eval, line 1: Failed to create WebGL context: WebGL creation failed: 
* Can't use WebGL in headless mode (https://bugzil.la/1375585).
JavaScript warning: https://pagead2.googlesyndication.com/bg/LfFQ5hcFG3hXPsOLdOnrUHUTGTSsMRvOgIlCDTigNb8.js line 1 > eval line 2693 > eval line 1 > eval, line 1: WebGL warning: <Create>: Can't use WebGL in headless mode (https://bugzil.la/1375585).
JavaScript warning: https://pagead2.googlesyndication.com/bg/LfFQ5hcFG3hXPsOLdOnrUHUTGTSsMRvOgIlCDTigNb8.js line 1 > eval line 2693 > eval line 1 > eval, line 1: Failed to create WebGL context: WebGL creation failed: 
* Can't use WebGL in headless mode (https://bugzil.la/1375585).
JavaScript error: , line 0: NS_ERROR_NOT_AVAILABLE
1:50153
1601046892716	mozrunner::runner	INFO	Running command: "C:\\Program Files\\Mozilla Firefox\\firefox.exe" "--marionette" "--headless" "-foreground" "-no-remote" "-profile" "C:\\Users\\Grant\\AppData\\Local\\Temp\\rust_mozprofilelX91eu"
*** You are running in headless mode.
JavaScript error: resource://gre/modules/XULStore.jsm, line 66: Error: Can't find profile directory.
console.error: SearchCache: "_readCacheFile: Error reading cache file:" (new Error("", "(unknown module)"))
1601046895215	Marionette	INFO	Listening on port 50158
1601046895324	Marionette	WARN	TLS certificate errors will be ignored for this session
JavaScript warning: https://pagead2.googlesyndication.com/bg/LfFQ5hcFG3hXPsOLdOnrUHUTGTSsMRvOgIlCDTigNb8.js line 1 > eval line 1894 > eval line 1 > eval, line 1: WebGL warning: <Create>: Can't use WebGL in headless mode (https://bugzil.la/1375585).
JavaScript warning: https://pagead2.googlesyndication.com/bg/LfFQ5hcFG3hXPsOLdOnrUHUTGTSsMRvOgIlCDTigNb8.js line 1 > eval line 1894 > eval line 1 > eval, line 1: Failed to create WebGL context: WebGL creation failed: 
* Can't use WebGL in headless mode (https://bugzil.la/1375585).
JavaScript warning: https://pagead2.googlesyndication.com/bg/LfFQ5hcFG3hXPsOLdOnrUHUTGTSsMRvOgIlCDTigNb8.js line 1 > eval line 433 > eval line 1 > eval, line 1: WebGL warning: <Create>: Can't use WebGL in headless mode (https://bugzil.la/1375585).
JavaScript warning: https://pagead2.googlesyndication.com/bg/LfFQ5hcFG3hXPsOLdOnrUHUTGTSsMRvOgIlCDTigNb8.js line 1 > eval line 433 > eval line 1 > eval, line 1: Failed to create WebGL context: WebGL creation failed: 
* Can't use WebGL in headless mode (https://bugzil.la/1375585).
JavaScript warning: https://pagead2.googlesyndication.com/bg/LfFQ5hcFG3hXPsOLdOnrUHUTGTSsMRvOgIlCDTigNb8.js line 1 > eval line 4007 > eval, line 1: WebGL warning: <Create>: Can't use WebGL in headless mode (https://bugzil.la/1375585).
JavaScript warning: https://pagead2.googlesyndication.com/bg/LfFQ5hcFG3hXPsOLdOnrUHUTGTSsMRvOgIlCDTigNb8.js line 1 > eval line 4007 > eval, line 1: Failed to create WebGL context: WebGL creation failed: 
* Can't use WebGL in headless mode (https://bugzil.la/1375585).
JavaScript error: , line 0: NS_ERROR_NOT_AVAILABLE
1:50345
1601047454288	mozrunner::runner	INFO	Running command: "C:\\Program Files\\Mozilla Firefox\\firefox.exe" "--marionette" "--headless" "-foreground" "-no-remote" "-profile" "C:\\Users\\Grant\\AppData\\Local\\Temp\\rust_mozprofileBeOdZH"
*** You are running in headless mode.
JavaScript error: resource://gre/modules/XULStore.jsm, line 66: Error: Can't find profile directory.
console.error: SearchCache: "_readCacheFile: Error reading cache file:" (new Error("", "(unknown module)"))
1601047456363	Marionette	INFO	Listening on port 50350
1601047456401	Marionette	WARN	TLS certificate errors will be ignored for this session
JavaScript warning: https://pagead2.googlesyndication.com/bg/LfFQ5hcFG3hXPsOLdOnrUHUTGTSsMRvOgIlCDTigNb8.js line 1 > eval line 30 > eval, line 1: WebGL warning: <Create>: Can't use WebGL in headless mode (https://bugzil.la/1375585).
JavaScript warning: https://pagead2.googlesyndication.com/bg/LfFQ5hcFG3hXPsOLdOnrUHUTGTSsMRvOgIlCDTigNb8.js line 1 > eval line 30 > eval, line 1: Failed to create WebGL context: WebGL creation failed: 
* Can't use WebGL in headless mode (https://bugzil.la/1375585).
JavaScript warning: https://pagead2.googlesyndication.com/bg/LfFQ5hcFG3hXPsOLdOnrUHUTGTSsMRvOgIlCDTigNb8.js line 1 > eval line 6986 > eval line 1 > eval, line 1: WebGL warning: <Create>: Can't use WebGL in headless mode (https://bugzil.la/1375585).
JavaScript warning: https://pagead2.googlesyndication.com/bg/LfFQ5hcFG3hXPsOLdOnrUHUTGTSsMRvOgIlCDTigNb8.js line 1 > eval line 6986 > eval line 1 > eval, line 1: Failed to create WebGL context: WebGL creation failed: 
* Can't use WebGL in headless mode (https://bugzil.la/1375585).
JavaScript warning: https://pagead2.googlesyndication.com/bg/LfFQ5hcFG3hXPsOLdOnrUHUTGTSsMRvOgIlCDTigNb8.js line 1 > eval line 5956 > eval line 1 > eval, line 1: WebGL warning: <Create>: Can't use WebGL in headless mode (https://bugzil.la/1375585).
JavaScript warning: https://pagead2.googlesyndication.com/bg/LfFQ5hcFG3hXPsOLdOnrUHUTGTSsMRvOgIlCDTigNb8.js line 1 > eval line 5956 > eval line 1 > eval, line 1: Failed to create WebGL context: WebGL creation failed: 
* Can't use WebGL in headless mode (https://bugzil.la/1375585).
JavaScript error: , line 0: NS_ERROR_NOT_AVAILABLE
1:50503
1601047754666	mozrunner::runner	INFO	Running command: "C:\\Program Files\\Mozilla Firefox\\firefox.exe" "--marionette" "--headless" "-foreground" "-no-remote" "-profile" "C:\\Users\\Grant\\AppData\\Local\\Temp\\rust_mozprofilewqml4S"
*** You are running in headless mode.
JavaScript error: resource://gre/modules/XULStore.jsm, line 66: Error: Can't find profile directory.
console.error: SearchCache: "_readCacheFile: Error reading cache file:" (new Error("", "(unknown module)"))
1601047756850	Marionette	INFO	Listening on port 50508
1601047757275	Marionette	WARN	TLS certificate errors will be ignored for this session
JavaScript error: , line 0: NS_ERROR_NOT_AVAILABLE
1:50549
1601047872498	mozrunner::runner	INFO	Running command: "C:\\Program Files\\Mozilla Firefox\\firefox.exe" "--marionette" "--headless" "-foreground" "-no-remote" "-profile" "C:\\Users\\Grant\\AppData\\Local\\Temp\\rust_mozprofilea8M0SH"
*** You are running in headless mode.
JavaScript error: resource://gre/modules/XULStore.jsm, line 66: Error: Can't find profile directory.
console.error: SearchCache: "_readCacheFile: Error reading cache file:" (new Error("", "(unknown module)"))
1601047875013	Marionette	INFO	Listening on port 50554
1601047875112	Marionette	WARN	TLS certificate errors will be ignored for this session
JavaScript error: , line 0: NS_ERROR_NOT_AVAILABLE
1:50596
1601048069210	mozrunner::runner	INFO	Running command: "C:\\Program Files\\Mozilla Firefox\\firefox.exe" "--marionette" "--headless" "-foreground" "-no-remote" "-profile" "C:\\Users\\Grant\\AppData\\Local\\Temp\\rust_mozprofileB1kivt"
*** You are running in headless mode.
JavaScript error: resource://gre/modules/XULStore.jsm, line 66: Error: Can't find profile directory.
console.error: SearchCache: "_readCacheFile: Error reading cache file:" (new Error("", "(unknown module)"))
1601048071580	Marionette	INFO	Listening on port 50601
1601048071826	Marionette	WARN	TLS certificate errors will be ignored for this session
JavaScript warning: https://pagead2.googlesyndication.com/bg/LfFQ5hcFG3hXPsOLdOnrUHUTGTSsMRvOgIlCDTigNb8.js line 1 > eval line 493 > eval, line 1: WebGL warning: <Create>: Can't use WebGL in headless mode (https://bugzil.la/1375585).
JavaScript warning: https://pagead2.googlesyndication.com/bg/LfFQ5hcFG3hXPsOLdOnrUHUTGTSsMRvOgIlCDTigNb8.js line 1 > eval line 493 > eval, line 1: Failed to create WebGL context: WebGL creation failed: 
* Can't use WebGL in headless mode (https://bugzil.la/1375585).
JavaScript warning: https://pagead2.googlesyndication.com/bg/LfFQ5hcFG3hXPsOLdOnrUHUTGTSsMRvOgIlCDTigNb8.js line 1 > eval line 4643 > eval, line 1: WebGL warning: <Create>: Can't use WebGL in headless mode (https://bugzil.la/1375585).
JavaScript warning: https://pagead2.googlesyndication.com/bg/LfFQ5hcFG3hXPsOLdOnrUHUTGTSsMRvOgIlCDTigNb8.js line 1 > eval line 4643 > eval, line 1: Failed to create WebGL context: WebGL creation failed: 
* Can't use WebGL in headless mode (https://bugzil.la/1375585).
JavaScript warning: https://pagead2.googlesyndication.com/bg/LfFQ5hcFG3hXPsOLdOnrUHUTGTSsMRvOgIlCDTigNb8.js line 1 > eval line 6954 > eval line 1 > eval, line 1: WebGL warning: <Create>: Can't use WebGL in headless mode (https://bugzil.la/1375585).
JavaScript warning: https://pagead2.googlesyndication.com/bg/LfFQ5hcFG3hXPsOLdOnrUHUTGTSsMRvOgIlCDTigNb8.js line 1 > eval line 6954 > eval line 1 > eval, line 1: Failed to create WebGL context: WebGL creation failed: 
* Can't use WebGL in headless mode (https://bugzil.la/1375585).
1601048368349	geckodriver	INFO	Listening on 127.0.0.1:50730
1601048368371	mozrunner::runner	INFO	Running command: "C:\\Program Files\\Mozilla Firefox\\firefox.exe" "--marionette" "--headless" "-foreground" "-no-remote" "-profile" "C:\\Users\\Grant\\AppData\\Local\\Temp\\rust_mozprofilenQXUOk"
*** You are running in headless mode.
JavaScript error: resource://gre/modules/XULStore.jsm, line 66: Error: Can't find profile directory.
console.error: SearchCache: "_readCacheFile: Error reading cache file:" (new Error("", "(unknown module)"))
1601048370735	Marionette	INFO	Listening on port 50735
1601048370989	Marionette	WARN	TLS certificate errors will be ignored for this session
JavaScript warning: https://pagead2.googlesyndication.com/bg/LfFQ5hcFG3hXPsOLdOnrUHUTGTSsMRvOgIlCDTigNb8.js line 1 > eval line 2988 > eval, line 1: WebGL warning: <Create>: Can't use WebGL in headless mode (https://bugzil.la/1375585).
JavaScript warning: https://pagead2.googlesyndication.com/bg/LfFQ5hcFG3hXPsOLdOnrUHUTGTSsMRvOgIlCDTigNb8.js line 1 > eval line 2988 > eval, line 1: Failed to create WebGL context: WebGL creation failed: 
* Can't use WebGL in headless mode (https://bugzil.la/1375585).
JavaScript warning: https://pagead2.googlesyndication.com/bg/LfFQ5hcFG3hXPsOLdOnrUHUTGTSsMRvOgIlCDTigNb8.js line 1 > eval line 6706 > eval line 1 > eval, line 1: WebGL warning: <Create>: Can't use WebGL in headless mode (https://bugzil.la/1375585).
JavaScript warning: https://pagead2.googlesyndication.com/bg/LfFQ5hcFG3hXPsOLdOnrUHUTGTSsMRvOgIlCDTigNb8.js line 1 > eval line 6706 > eval line 1 > eval, line 1: Failed to create WebGL context: WebGL creation failed: 
* Can't use WebGL in headless mode (https://bugzil.la/1375585).
1601048525531	geckodriver	INFO	Listening on 127.0.0.1:50857
1601048525555	mozrunner::runner	INFO	Running command: "C:\\Program Files\\Mozilla Firefox\\firefox.exe" "--marionette" "--headless" "-foreground" "-no-remote" "-profile" "C:\\Users\\Grant\\AppData\\Local\\Temp\\rust_mozprofileoVJw6J"
*** You are running in headless mode.
JavaScript error: resource://gre/modules/XULStore.jsm, line 66: Error: Can't find profile directory.
console.error: SearchCache: "_readCacheFile: Error reading cache file:" (new Error("", "(unknown module)"))
1601048528160	Marionette	INFO	Listening on port 50862
1601048528216	Marionette	WARN	TLS certificate errors will be ignored for this session
JavaScript warning: https://pagead2.googlesyndication.com/bg/LfFQ5hcFG3hXPsOLdOnrUHUTGTSsMRvOgIlCDTigNb8.js line 1 > eval line 6813 > eval, line 1: WebGL warning: <Create>: Can't use WebGL in headless mode (https://bugzil.la/1375585).
JavaScript warning: https://pagead2.googlesyndication.com/bg/LfFQ5hcFG3hXPsOLdOnrUHUTGTSsMRvOgIlCDTigNb8.js line 1 > eval line 6813 > eval, line 1: Failed to create WebGL context: WebGL creation failed: 
* Can't use WebGL in headless mode (https://bugzil.la/1375585).
JavaScript warning: https://pagead2.googlesyndication.com/bg/LfFQ5hcFG3hXPsOLdOnrUHUTGTSsMRvOgIlCDTigNb8.js line 1 > eval line 324 > eval, line 1: WebGL warning: <Create>: Can't use WebGL in headless mode (https://bugzil.la/1375585).
JavaScript warning: https://pagead2.googlesyndication.com/bg/LfFQ5hcFG3hXPsOLdOnrUHUTGTSsMRvOgIlCDTigNb8.js line 1 > eval line 324 > eval, line 1: Failed to create WebGL context: WebGL creation failed: 
* Can't use WebGL in headless mode (https://bugzil.la/1375585).
1601048667610	geckodriver	INFO	Listening on 127.0.0.1:50982
1601048667636	mozrunner::runner	INFO	Running command: "C:\\Program Files\\Mozilla Firefox\\firefox.exe" "--marionette" "--headless" "-foreground" "-no-remote" "-profile" "C:\\Users\\Grant\\AppData\\Local\\Temp\\rust_mozprofileru18I2"
*** You are running in headless mode.
JavaScript error: resource://gre/modules/XULStore.jsm, line 66: Error: Can't find profile directory.
console.error: SearchCache: "_readCacheFile: Error reading cache file:" (new Error("", "(unknown module)"))
1601048670250	Marionette	INFO	Listening on port 50987
1601048670749	Marionette	WARN	TLS certificate errors will be ignored for this session
JavaScript warning: https://pagead2.googlesyndication.com/bg/LfFQ5hcFG3hXPsOLdOnrUHUTGTSsMRvOgIlCDTigNb8.js line 1 > eval line 4695 > eval, line 1: WebGL warning: <Create>: Can't use WebGL in headless mode (https://bugzil.la/1375585).
JavaScript warning: https://pagead2.googlesyndication.com/bg/LfFQ5hcFG3hXPsOLdOnrUHUTGTSsMRvOgIlCDTigNb8.js line 1 > eval line 4695 > eval, line 1: Failed to create WebGL context: WebGL creation failed: 
* Can't use WebGL in headless mode (https://bugzil.la/1375585).
JavaScript warning: https://pagead2.googlesyndication.com/bg/LfFQ5hcFG3hXPsOLdOnrUHUTGTSsMRvOgIlCDTigNb8.js line 1 > eval line 6352 > eval, line 1: WebGL warning: <Create>: Can't use WebGL in headless mode (https://bugzil.la/1375585).
JavaScript warning: https://pagead2.googlesyndication.com/bg/LfFQ5hcFG3hXPsOLdOnrUHUTGTSsMRvOgIlCDTigNb8.js line 1 > eval line 6352 > eval, line 1: Failed to create WebGL context: WebGL creation failed: 
* Can't use WebGL in headless mode (https://bugzil.la/1375585).
1601048709748	geckodriver	INFO	Listening on 127.0.0.1:51118
1601048709780	mozrunner::runner	INFO	Running command: "C:\\Program Files\\Mozilla Firefox\\firefox.exe" "--marionette" "--headless" "-foreground" "-no-remote" "-profile" "C:\\Users\\Grant\\AppData\\Local\\Temp\\rust_mozprofileNciShY"
*** You are running in headless mode.
JavaScript error: resource://gre/modules/XULStore.jsm, line 66: Error: Can't find profile directory.
console.error: SearchCache: "_readCacheFile: Error reading cache file:" (new Error("", "(unknown module)"))
1601048712803	Marionette	INFO	Listening on port 51123
1601048712897	Marionette	WARN	TLS certificate errors will be ignored for this session
JavaScript warning: https://pagead2.googlesyndication.com/bg/LfFQ5hcFG3hXPsOLdOnrUHUTGTSsMRvOgIlCDTigNb8.js line 1 > eval line 3678 > eval line 1 > eval, line 1: WebGL warning: <Create>: Can't use WebGL in headless mode (https://bugzil.la/1375585).
JavaScript warning: https://pagead2.googlesyndication.com/bg/LfFQ5hcFG3hXPsOLdOnrUHUTGTSsMRvOgIlCDTigNb8.js line 1 > eval line 3678 > eval line 1 > eval, line 1: Failed to create WebGL context: WebGL creation failed: 
* Can't use WebGL in headless mode (https://bugzil.la/1375585).
JavaScript warning: https://pagead2.googlesyndication.com/bg/LfFQ5hcFG3hXPsOLdOnrUHUTGTSsMRvOgIlCDTigNb8.js line 1 > eval line 4161 > eval, line 1: WebGL warning: <Create>: Can't use WebGL in headless mode (https://bugzil.la/1375585).
JavaScript warning: https://pagead2.googlesyndication.com/bg/LfFQ5hcFG3hXPsOLdOnrUHUTGTSsMRvOgIlCDTigNb8.js line 1 > eval line 4161 > eval, line 1: Failed to create WebGL context: WebGL creation failed: 
* Can't use WebGL in headless mode (https://bugzil.la/1375585).
JavaScript warning: https://pagead2.googlesyndication.com/bg/LfFQ5hcFG3hXPsOLdOnrUHUTGTSsMRvOgIlCDTigNb8.js line 1 > eval line 4135 > eval, line 1: WebGL warning: <Create>: Can't use WebGL in headless mode (https://bugzil.la/1375585).
JavaScript warning: https://pagead2.googlesyndication.com/bg/LfFQ5hcFG3hXPsOLdOnrUHUTGTSsMRvOgIlCDTigNb8.js line 1 > eval line 4135 > eval, line 1: Failed to create WebGL context: WebGL creation failed: 
* Can't use WebGL in headless mode (https://bugzil.la/1375585).
1601048764018	Marionette	INFO	Stopped listening on port 51123
